---
- 2022-02-23-20-41-06-364-UTC  SKIP  entry
- 2022-02-23-20-41-06-364-UTC  START  1
- 2022-02-23-20-41-17-755-UTC  WRAP  1
- 2022-02-23-20-41-17-755-UTC  START  2
- 2022-02-23-20-41-18-422-UTC  WRAP  2
- 2022-02-23-20-41-18-422-UTC  START  3
- 2022-02-23-20-41-19-37-UTC  WRAP  3
- 2022-02-23-20-41-19-37-UTC  START  4
- 2022-02-23-20-41-19-637-UTC  WRAP  4
- 2022-02-23-20-41-19-637-UTC  START  5
- 2022-02-23-20-41-20-237-UTC  WRAP  5
- 2022-02-23-20-41-20-237-UTC  START  6
- 2022-02-23-20-41-20-838-UTC  WRAP  6
- 2022-02-23-20-41-20-838-UTC  START  7
- 2022-02-23-20-41-21-254-UTC  WRAP  7
- 2022-02-23-20-41-21-254-UTC  START  8
- 2022-02-23-20-41-21-738-UTC  WRAP  8
- 2022-02-23-20-41-21-738-UTC  SKIP  9~entry
- 2022-02-23-20-41-21-738-UTC  START  9~1
- 2022-02-23-20-41-22-504-UTC  WRAP  9~1
- 2022-02-23-20-41-22-504-UTC  START  9~2
- 2022-02-23-20-41-23-271-UTC  WRAP  9~2
- 2022-02-23-20-41-23-271-UTC  SKIP  9~exit
- 2022-02-23-20-41-23-271-UTC  START  10
- 2022-02-23-20-41-24-171-UTC  WRAP  10
- 2022-02-23-20-41-24-171-UTC  SKIP  11~entry
- 2022-02-23-20-41-24-171-UTC  START  11~1
- 2022-02-23-20-41-24-437-UTC  WRAP  11~1
- 2022-02-23-20-41-24-437-UTC  START  11~2
- 2022-02-23-20-41-25-121-UTC  WRAP  11~2
- 2022-02-23-20-41-25-121-UTC  SKIP  11~exit
- 2022-02-23-20-41-25-121-UTC  START  12
- 2022-02-23-20-41-25-588-UTC  WRAP  12
- 2022-02-23-20-41-25-588-UTC  SKIP  t1~entry
- 2022-02-23-20-41-25-588-UTC  START  t1~1
- 2022-02-23-20-41-26-104-UTC  WRAP  t1~1
- 2022-02-23-20-41-26-104-UTC  START  t1~2
- 2022-02-23-20-41-26-704-UTC  WRAP  t1~2
- 2022-02-23-20-41-26-704-UTC  START  t1~3
- 2022-02-23-20-41-27-304-UTC  WRAP  t1~3
- 2022-02-23-20-41-27-304-UTC  SKIP  t1~exit
- 2022-02-23-20-41-27-304-UTC  SKIP  14~entry
- 2022-02-23-20-41-27-304-UTC  START  14~1
- 2022-02-23-20-41-27-821-UTC  WRAP  14~1
- 2022-02-23-20-41-27-821-UTC  START  14~2
- 2022-02-23-20-41-28-420-UTC  WRAP  14~2
- 2022-02-23-20-41-28-420-UTC  START  14~3
- 2022-02-23-20-41-29-54-UTC  WRAP  14~3
- 2022-02-23-20-41-29-54-UTC  SKIP  14~exit
- 2022-02-23-20-41-29-54-UTC  START  15
- 2022-02-23-20-41-29-722-UTC  WRAP  15
- 2022-02-23-20-41-29-722-UTC  SKIP  16~entry
- 2022-02-23-20-41-29-722-UTC  SKIP  16~1~entry
- 2022-02-23-20-41-29-722-UTC  START  16~1~1
- 2022-02-23-20-41-30-487-UTC  WRAP  16~1~1
- 2022-02-23-20-41-30-487-UTC  START  16~1~2
- 2022-02-23-20-41-31-254-UTC  WRAP  16~1~2
- 2022-02-23-20-41-31-254-UTC  SKIP  16~1~exit
- 2022-02-23-20-41-31-254-UTC  SKIP  16~2~entry
- 2022-02-23-20-41-31-254-UTC  START  16~2~1
- 2022-02-23-20-41-31-521-UTC  WRAP  16~2~1
- 2022-02-23-20-41-31-521-UTC  START  16~2~2
- 2022-02-23-20-41-34-188-UTC  WRAP  16~2~2
- 2022-02-23-20-41-34-188-UTC  SKIP  16~2~exit
- 2022-02-23-20-41-34-188-UTC  SKIP  16~exit
- 2022-02-23-20-41-34-188-UTC  SKIP  exit
