---
- 2022-02-23-20-48-32-110-UTC  SKIP  entry
- 2022-02-23-20-48-32-110-UTC  START  1
- 2022-02-23-20-48-32-951-UTC  WRAP  1
- 2022-02-23-20-48-32-951-UTC  START  2
- 2022-02-23-20-48-33-585-UTC  WRAP  2
- 2022-02-23-20-48-33-585-UTC  START  a1
- 2022-02-23-20-48-33-585-UTC  START  4
- 2022-02-23-20-48-35-101-UTC  WRAP  4
- 2022-02-23-20-48-36-201-UTC  WRAP  a1
- 2022-02-23-20-48-36-201-UTC  START  b1
- 2022-02-23-20-48-36-201-UTC  START  b2
- 2022-02-23-20-48-37-717-UTC  WRAP  b2
- 2022-02-23-20-48-37-717-UTC  START  b3
- 2022-02-23-20-48-37-718-UTC  START  b4
- 2022-02-23-20-48-38-217-UTC  WRAP  b1
- 2022-02-23-20-48-39-234-UTC  WRAP  b3
- 2022-02-23-20-48-40-34-UTC  WRAP  b4
- 2022-02-23-20-48-40-34-UTC  START  9
- 2022-02-23-20-48-42-51-UTC  WRAP  9
- 2022-02-23-20-48-42-51-UTC  START  10
- 2022-02-23-20-48-43-218-UTC  WRAP  10
- 2022-02-23-20-48-43-218-UTC  SKIP  exit
